\BOOKMARK [0][-]{chapter.1}{Basics}{}% 1
\BOOKMARK [1][-]{section.1.1}{Preprocessor directives}{chapter.1}% 2
\BOOKMARK [1][-]{section.1.2}{Casting}{chapter.1}% 3
\BOOKMARK [1][-]{section.1.3}{Structs}{chapter.1}% 4
\BOOKMARK [1][-]{section.1.4}{Stack and heap}{chapter.1}% 5
\BOOKMARK [2][-]{subsection.1.4.1}{Freeing memory}{section.1.4}% 6
\BOOKMARK [1][-]{section.1.5}{Strings}{chapter.1}% 7
\BOOKMARK [2][-]{subsection.1.5.1}{C style}{section.1.5}% 8
\BOOKMARK [2][-]{subsection.1.5.2}{C++ style}{section.1.5}% 9
\BOOKMARK [1][-]{section.1.6}{Exceptions}{chapter.1}% 10
\BOOKMARK [1][-]{section.1.7}{auto and decltype \(C++11\) and decltype\(auto\) \(C++14\)}{chapter.1}% 11
\BOOKMARK [1][-]{section.1.8}{std::array \(C++11\)}{chapter.1}% 12
\BOOKMARK [1][-]{section.1.9}{Range based for loops \(C++11\)}{chapter.1}% 13
\BOOKMARK [1][-]{section.1.10}{nullptr \(C++11\)}{chapter.1}% 14
\BOOKMARK [0][-]{chapter.2}{Object oriented programming}{}% 15
\BOOKMARK [1][-]{section.2.1}{Access specifiers}{chapter.2}% 16
\BOOKMARK [1][-]{section.2.2}{Reminder of syntax}{chapter.2}% 17
\BOOKMARK [1][-]{section.2.3}{Creating objects on the stack or heap}{chapter.2}% 18
\BOOKMARK [2][-]{subsection.2.3.1}{Using smart pointers}{section.2.3}% 19
\BOOKMARK [1][-]{section.2.4}{Constructors}{chapter.2}% 20
\BOOKMARK [2][-]{subsection.2.4.1}{Initialiser lists}{section.2.4}% 21
\BOOKMARK [2][-]{subsection.2.4.2}{Copy constructors}{section.2.4}% 22
\BOOKMARK [3][-]{subsubsection.2.4.2.1}{What constructors the compiler generates}{subsection.2.4.2}% 23
\BOOKMARK [2][-]{subsection.2.4.3}{default and delete for compiler generated constructors \(C++11\)}{section.2.4}% 24
\BOOKMARK [2][-]{subsection.2.4.4}{Default constructors}{section.2.4}% 25
\BOOKMARK [3][-]{subsubsection.2.4.4.1}{When you need a default constructor}{subsection.2.4.4}% 26
\BOOKMARK [4][-]{paragraph.2.4.4.1.1}{Arrays}{subsubsection.2.4.4.1}% 27
\BOOKMARK [4][-]{paragraph.2.4.4.1.2}{Creating objects inside another class}{subsubsection.2.4.4.1}% 28
\BOOKMARK [4][-]{paragraph.2.4.4.1.3}{Subclasses}{subsubsection.2.4.4.1}% 29
\BOOKMARK [1][-]{section.2.5}{Destructors}{chapter.2}% 30
\BOOKMARK [1][-]{section.2.6}{Assignment operator}{chapter.2}% 31
\BOOKMARK [1][-]{section.2.7}{Distinguishing copying from assignment}{chapter.2}% 32
\BOOKMARK [1][-]{section.2.8}{In class member initialisers}{chapter.2}% 33
\BOOKMARK [1][-]{section.2.9}{const and static functions}{chapter.2}% 34
\BOOKMARK [2][-]{subsection.2.9.1}{const functions}{section.2.9}% 35
