#! /usr/bin/vvp
:ivl_version "0.9.7 " "(v0_9_7)";
:vpi_time_precision + 0;
:vpi_module "system";
:vpi_module "v2005_math";
:vpi_module "va_math";
S_0x8fcfd0 .scope module, "d_ff" "d_ff" 2 1;
 .timescale 0 0;
v0x8fd0c0_0 .net "clk", 0 0, C4<z>; 0 drivers
v0x90b5b0_0 .net "d", 0 0, C4<z>; 0 drivers
v0x90b650_0 .var "q", 0 0;
v0x90b6f0_0 .var "q_bar", 0 0;
E_0x8fcf00 .event posedge, v0x8fd0c0_0;
    .scope S_0x8fcfd0;
T_0 ;
    %wait E_0x8fcf00;
    %vpi_call 2 9 "$display", "Hello, World";
    %vpi_call 2 10 "$finish";
    %load/v 8, v0x90b5b0_0, 1;
    %ix/load 0, 1, 0;
    %assign/v0 v0x90b650_0, 0, 8;
    %load/v 8, v0x90b5b0_0, 1;
    %inv 8, 1;
    %ix/load 0, 1, 0;
    %assign/v0 v0x90b6f0_0, 0, 8;
    %jmp T_0;
    .thread T_0;
# The file index is used to find the file name in the following table.
:file_names 3;
    "N/A";
    "<interactive>";
    "dFlip.v";
